TTLocalizer: Running in language: english
from toontown.toonbase.TTLocalizerEnglish import *
OTPLocalizer: Running in language: english
from otp.otpbase.OTPLocalizerEnglish import *
Preloading suits...
Preloading Toon heads...
Loaded resources.
Preloading avatars...
{401000001: <toontown.distributed.ToontownDistrict.ToontownDistrict instance at 0x15613C10>}
MakeAToon: No exitGenderTrack
MakeAToon: No hostTrack
0
Reading DNA file... phase_3.5/dna/storage_tutorial.pdna
Reading DNA file... phase_3.5/dna/storage_interior.pdna
Reading DNA file... phase_3.5/dna/tutorial_street.pdna
Reading DNA file... phase_3.5/dna/tutorial_street.pdna
Battle Event localtoon-battle-event-3
OnscreenText.configure: mayChange == 0
OnscreenText.configure: mayChange == 0
OnscreenText.configure: mayChange == 0
OnscreenText.configure: mayChange == 0
OnscreenText.configure: mayChange == 0
OnscreenText.configure: mayChange == 0
OnscreenText.configure: mayChange == 0
OnscreenText.configure: mayChange == 0
Reading DNA file... phase_4/dna/storage.pdna
Reading DNA file... phase_3.5/dna/storage_interior.pdna
Reading DNA file... phase_4/dna/storage_TT.pdna
Reading DNA file... phase_4/dna/storage_TT_sz.pdna
Reading DNA file... phase_4/dna/toontown_central_sz.pdna
frame rate: 58.3 fps|0.003d|3 avs||401|402||0x10de|0x1080|362.4MB|332.1MB|16351.1MB|393|nt.2.6.2|3.401,3.401|4,8 cpus|OpenGL
Reading DNA file... phase_4/dna/storage_TT_sz.pdna
Reading DNA file... phase_4/dna/toontown_central_sz.pdna
Reading DNA file... phase_5/dna/storage_town.pdna
Reading DNA file... phase_5/dna/storage_TT_town.pdna
Reading DNA file... phase_5/dna/toontown_central_2200.pdna
Battle Event localtoon-battle-event-9
frame rate: 60.0 fps|0.001d|3 avs||701|702||0x10de|0x1080|412.1MB|380.2MB|16351.1MB|440|nt.2.6.2|3.401,3.401|4,8 cpus|OpenGL
OnscreenText.configure: mayChange == 0
OnscreenText.configure: mayChange == 0
OnscreenText.configure: mayChange == 0
OnscreenText.configure: mayChange == 0
Reading DNA file... phase_4/dna/storage_TT_sz.pdna
Reading DNA file... phase_4/dna/toontown_central_sz.pdna
