TTLocalizer: Running in language: english
from toontown.toonbase.TTLocalizerEnglish import *
OTPLocalizer: Running in language: english
from otp.otpbase.OTPLocalizerEnglish import *
Preloading suits...
Preloading Toon heads...
Loaded resources.
Preloading avatars...
Traceback (most recent call last):
  File "C:\Panda3D-1.9.0\python\lib\runpy.py", line 162, in _run_module_as_main
    "__main__", fname, loader, pkg_name)
  File "C:\Panda3D-1.9.0\python\lib\runpy.py", line 72, in _run_code
    exec code in run_globals
  File "C:\Users\keith\Desktop\rttim-v69.5\game\toontown\toonbase\ToontownStart.py", line 161, in <module>
    from toontown.distributed import ToontownClientRepository
  File "toontown\distributed\ToontownClientRepository.py", line 40, in <module>
    from toontown.makeatoon import MakeAToon
  File "toontown\makeatoon\MakeAToon.py", line 23, in <module>
    from toontown.toon import LocalToon
  File "toontown\toon\LocalToon.py", line 29, in <module>
    from toontown.chat import ToontownChatManager
  File "toontown\chat\ToontownChatManager.py", line 12, in <module>
    from TTChatInputSpeedChat import TTChatInputSpeedChat
  File "toontown\chat\TTChatInputSpeedChat.py", line 21, in <module>
    [OTPLocalizer.SCMenuTesting,
AttributeError: 'module' object has no attribute 'SCMenuTesting'
