TTLocalizer: Running in language: english
from toontown.toonbase.TTLocalizerEnglish import *
OTPLocalizer: Running in language: english
from otp.otpbase.OTPLocalizerEnglish import *
Preloading suits...
Preloading Toon heads...
Loaded resources.
Preloading avatars...
{401000001: <toontown.distributed.ToontownDistrict.ToontownDistrict instance at 0x154B1C10>}
MakeAToon: No exitGenderTrack
MakeAToon: No hostTrack
0
Reading DNA file... phase_4/dna/storage.pdna
Reading DNA file... phase_3.5/dna/storage_interior.pdna
Reading DNA file... phase_4/dna/storage_TT.pdna
Reading DNA file... phase_4/dna/storage_TT_sz.pdna
Reading DNA file... phase_4/dna/toontown_central_sz.pdna
OnscreenText.configure: mayChange == 0
OnscreenText.configure: mayChange == 0
OnscreenText.configure: mayChange == 0
OnscreenText.configure: mayChange == 0
__handleAvatarChooserDone: 100000018, 'Black Crocodile', ('lll', 'ms', 'm', 'm', 26, 0, 26, 26, 0, 27, 0, 27, 4, 9), 0
__handleAvatarChooserDone: 100000019, 'Black Crocodile', ('lss', 'ms', 'm', 'm', 26, 0, 26, 26, 4, 10, 4, 10, 0, 9), 1
MakeAToon: No exitGenderTrack
MakeAToon: No hostTrack
MakeAToon: No exitGenderTrack
MakeAToon: No hostTrack
