TTLocalizer: Running in language: english
from toontown.toonbase.TTLocalizerEnglish import *
OTPLocalizer: Running in language: english
from otp.otpbase.OTPLocalizerEnglish import *
Preloading suits...
Preloading Toon heads...
Loaded resources.
Preloading avatars...
{401000001: <toontown.distributed.ToontownDistrict.ToontownDistrict instance at 0x152E3C38>}
MakeAToon: No exitGenderTrack
MakeAToon: No hostTrack
MakeAToon: No exitGenderTrack
MakeAToon: No hostTrack
Exception occurred while processing Func-goToNextShop-18 of Sequence-4:
Sequence-4:
  0.000 Sequence-4 {
  0.000   Wait dur 1
  1.000   *Func-charSez-13
  1.000   *Func-clearChat-14
  1.000   Sequence-5 {
  1.000     *Func-loop-15
  1.000     LerpHprInterval-6: hpr from 210 0 0 to 270 0 0 dur 0.3
  1.300     *Func-clearChat-16
  1.300     LerpPosInterval-7: pos from -2.7 -1.9 0 to 6.8 -4.5 0 dur 1.6
  2.900     *Func-loop-17
  2.900     *Func-goToNextShop-18
  2.900   }
  2.900   *Func-clearChat-19
  2.900   *Func-clearChat-20
  2.900 }

Traceback (most recent call last):
  File "C:\Panda3D-1.9.0\direct\showbase\ShowBase.py", line 1801, in __ivalLoop
    IntervalManager.ivalMgr.step()
  File "C:\Panda3D-1.9.0\direct\interval\IntervalManager.py", line 96, in step
    self.__doPythonCallbacks()
  File "C:\Panda3D-1.9.0\direct\interval\IntervalManager.py", line 124, in __doPythonCallbacks
    self.ivals[index].privPostEvent()
  File "C:\Panda3D-1.9.0\direct\interval\MetaInterval.py", line 518, in privPostEvent
    self.__doPythonCallbacks()
  File "C:\Panda3D-1.9.0\direct\interval\MetaInterval.py", line 494, in __doPythonCallbacks
    ival.privDoEvent(t, eventType)
  File "C:\Panda3D-1.9.0\direct\interval\Interval.py", line 207, in privDoEvent
    self.privInstant()
  File "C:\Panda3D-1.9.0\direct\interval\FunctionInterval.py", line 88, in privInstant
    self.function(*self.extraArgs, **self.kw)
  File "toontown\makeatoon\MakeAToon.py", line 359, in goToNextShop
    self.fsm.request('BodyShop')
AttributeError: MakeAToon instance has no attribute 'fsm'
Traceback (most recent call last):
  File "otp\otpbase\OTPBase.py", line 236, in run
    taskMgr.run()
  File "C:\Panda3D-1.9.0\direct\task\Task.py", line 502, in run
    self.step()
  File "C:\Panda3D-1.9.0\direct\task\Task.py", line 460, in step
    self.mgr.poll()
  File "C:\Panda3D-1.9.0\direct\showbase\ShowBase.py", line 1801, in __ivalLoop
    IntervalManager.ivalMgr.step()
  File "C:\Panda3D-1.9.0\direct\interval\IntervalManager.py", line 96, in step
    self.__doPythonCallbacks()
  File "C:\Panda3D-1.9.0\direct\interval\IntervalManager.py", line 124, in __doPythonCallbacks
    self.ivals[index].privPostEvent()
  File "C:\Panda3D-1.9.0\direct\interval\MetaInterval.py", line 518, in privPostEvent
    self.__doPythonCallbacks()
  File "C:\Panda3D-1.9.0\direct\interval\MetaInterval.py", line 494, in __doPythonCallbacks
    ival.privDoEvent(t, eventType)
  File "C:\Panda3D-1.9.0\direct\interval\Interval.py", line 207, in privDoEvent
    self.privInstant()
  File "C:\Panda3D-1.9.0\direct\interval\FunctionInterval.py", line 88, in privInstant
    self.function(*self.extraArgs, **self.kw)
  File "toontown\makeatoon\MakeAToon.py", line 359, in goToNextShop
    self.fsm.request('BodyShop')
AttributeError: MakeAToon instance has no attribute 'fsm'
