TTLocalizer: Running in language: english
from toontown.toonbase.TTLocalizerEnglish import *
OTPLocalizer: Running in language: english
from otp.otpbase.OTPLocalizerEnglish import *
Preloading suits...
Preloading Toon heads...
Loaded resources.
Preloading avatars...
{401000001: <toontown.distributed.ToontownDistrict.ToontownDistrict instance at 0x152A2328>}
__handleAvatarChooserDone: 100000001, 'Weaselbumble', ('lll', 'ss', 'm', 'm', 17, 0, 17, 17, 17, 8, 0, 8, 1, 18), 0
0
Reading DNA file... phase_4/dna/storage.pdna
Reading DNA file... phase_3.5/dna/storage_interior.pdna
Reading DNA file... phase_4/dna/storage_TT.pdna
Reading DNA file... phase_4/dna/storage_TT_sz.pdna
Reading DNA file... phase_4/dna/toontown_central_sz.pdna
Reading DNA file... phase_5/dna/storage_town.pdna
Reading DNA file... phase_5/dna/storage_TT_town.pdna
Reading DNA file... phase_5/dna/toontown_central_2200.pdna
frame rate: 97.5 fps|0.003d|2 avs||314|315||0x10de|0x1080|376.6MB|344.5MB|16351.1MB|495|nt.2.6.2|3.401,3.401|4,8 cpus|OpenGL
