TTLocalizer: Running in language: english
from toontown.toonbase.TTLocalizerEnglish import *
OTPLocalizer: Running in language: english
from otp.otpbase.OTPLocalizerEnglish import *
Preloading suits...
Preloading Toon heads...
Loaded resources.
Preloading avatars...
{401000001: <toontown.distributed.ToontownDistrict.ToontownDistrict instance at 0x15260C88>}
__handleAvatarChooserDone: 100000012, 'Flip', ('lsl', 'ss', 's', 'm', 26, 0, 26, 26, 19, 9, 13, 9, 5, 9), 0
0
Reading DNA file... phase_4/dna/storage.pdna
Reading DNA file... phase_3.5/dna/storage_interior.pdna
Reading DNA file... phase_4/dna/storage_TT.pdna
Reading DNA file... phase_4/dna/storage_TT_sz.pdna
Reading DNA file... phase_4/dna/toontown_central_sz.pdna
OnscreenText.configure: mayChange == 0
OnscreenText.configure: mayChange == 0
OnscreenText.configure: mayChange == 0
OnscreenText.configure: mayChange == 0
OnscreenText.configure: mayChange == 0
OnscreenText.configure: mayChange == 0
OnscreenText.configure: mayChange == 0
OnscreenText.configure: mayChange == 0
OnscreenText.configure: mayChange == 0
OnscreenText.configure: mayChange == 0
OnscreenText.configure: mayChange == 0
OnscreenText.configure: mayChange == 0
OnscreenText.configure: mayChange == 0
OnscreenText.configure: mayChange == 0
OnscreenText.configure: mayChange == 0
OnscreenText.configure: mayChange == 0
Reading DNA file... phase_4/dna/storage.pdna
Reading DNA file... phase_3.5/dna/storage_interior.pdna
Reading DNA file... phase_6/dna/storage_OZ.pdna
Reading DNA file... phase_6/dna/storage_OZ_sz.pdna
Reading DNA file... phase_6/dna/outdoor_zone_sz.pdna
TIMER startTime 687
Reading DNA file... phase_4/dna/storage.pdna
Reading DNA file... phase_3.5/dna/storage_interior.pdna
Reading DNA file... phase_6/dna/storage_GZ.pdna
Reading DNA file... phase_6/dna/storage_GZ_sz.pdna
Reading DNA file... phase_6/dna/golf_zone_sz.pdna
:10-08-2017 21:40:21: setTalk: 100000012, 'Flip', '1`'
:10-08-2017 21:40:23: setTalk: 100000012, 'Flip', 'FUCK'
:10-08-2017 21:40:24: setTalk: 100000012, 'Flip', 'ASS'
:10-08-2017 21:40:25: setTalk: 100000012, 'Flip', 'SHIT'
:10-08-2017 21:40:27: setTalk: 100000012, 'Flip', 'NIGGER'
