TTLocalizer: Running in language: english
from toontown.toonbase.TTLocalizerEnglish import *
OTPLocalizer: Running in language: english
from otp.otpbase.OTPLocalizerEnglish import *
Traceback (most recent call last):
  File "C:\Panda3D-1.9.0\python\lib\runpy.py", line 162, in _run_module_as_main
    "__main__", fname, loader, pkg_name)
  File "C:\Panda3D-1.9.0\python\lib\runpy.py", line 72, in _run_code
    exec code in run_globals
  File "C:\Users\Keithy\Desktop\TTW Localhost\TTW\Toontown Wicked\Toontown Wicked\TTW\toontown\toonbase\ToontownStart.py", line 156, in <module>
    from toontown.suit import Suit
  File "toontown\suit\Suit.py", line 2, in <module>
    from otp.avatar import Avatar
  File "otp\avatar\Avatar.py", line 16, in <module>
    from toontown.nametag.NametagGroup import NametagGroup
  File "toontown\nametag\NametagGroup.py", line 6, in <module>
    from toontown.nametag.Nametag2d import Nametag2d
  File "toontown\nametag\Nametag2d.py", line 10, in <module>
    from toontown.toontowngui.Clickable2d import Clickable2d
ImportError: No module named Clickable2d
