TTLocalizer: Running in language: english
from toontown.toonbase.TTLocalizerEnglish import *
OTPLocalizer: Running in language: english
from otp.otpbase.OTPLocalizerEnglish import *
Preloading suits...
Preloading Toon heads...
Loaded resources.
Preloading avatars...
Traceback (most recent call last):
  File "C:\Panda3D-1.9.0\python\lib\runpy.py", line 162, in _run_module_as_main
    "__main__", fname, loader, pkg_name)
  File "C:\Panda3D-1.9.0\python\lib\runpy.py", line 72, in _run_code
    exec code in run_globals
  File "C:\Users\keith\Desktop\rttim-v69.5\game\toontown\toonbase\ToontownStart.py", line 161, in <module>
    from toontown.distributed import ToontownClientRepository
  File "toontown\distributed\ToontownClientRepository.py", line 20, in <module>
    from otp.distributed import OTPClientRepository
  File "otp\distributed\OTPClientRepository.py", line 30, in <module>
    from otp.distributed import DCClassImports
  File "otp\distributed\DCClassImports.py", line 47, in <module>
    from toontown.friends import TTPlayerFriendsManager, TTWFriendsManager
ImportError: cannot import name TTWFriendsManager
