TTLocalizer: Running in language: english
from toontown.toonbase.TTLocalizerEnglish import *
OTPLocalizer: Running in language: english
from otp.otpbase.OTPLocalizerEnglish import *
Preloading suits...
Preloading Toon heads...
Loaded resources.
Preloading avatars...
{401000001: <toontown.distributed.ToontownDistrict.ToontownDistrict instance at 0x15736378>}
__handleAvatarChooserDone: 100000001, 'Weaselbumble', ('lll', 'ss', 'm', 'm', 17, 0, 17, 17, 68, 27, 57, 27, 18, 27), 0
0
Reading DNA file... phase_4/dna/storage.pdna
Reading DNA file... phase_3.5/dna/storage_interior.pdna
Reading DNA file... phase_6/dna/storage_DD.pdna
Reading DNA file... phase_6/dna/storage_DD_sz.pdna
Reading DNA file... phase_6/dna/donalds_dock_sz.pdna
Traceback (most recent call last):
  File "C:\Panda3D-1.9.0\direct\showbase\ShowBase.py", line 1801, in __ivalLoop
    IntervalManager.ivalMgr.step()
  File "C:\Panda3D-1.9.0\direct\interval\IntervalManager.py", line 96, in step
    self.__doPythonCallbacks()
  File "C:\Panda3D-1.9.0\direct\interval\IntervalManager.py", line 132, in __doPythonCallbacks
    self.MyEventmanager.doEvents()
  File "C:\Panda3D-1.9.0\direct\showbase\EventManager.py", line 55, in doEvents
    processFunc(self.eventQueue.dequeueEvent())
  File "C:\Panda3D-1.9.0\direct\showbase\EventManager.py", line 124, in processEvent
    messenger.send(eventName)
  File "C:\Panda3D-1.9.0\direct\showbase\Messenger.py", line 397, in send
    self.__dispatch(acceptorDict, event, sentArgs, foundWatch)
  File "C:\Panda3D-1.9.0\direct\showbase\Messenger.py", line 482, in __dispatch
    method (*(extraArgs + sentArgs))
  File "toontown\safezone\DDPlayground.py", line 123, in teleportInDone
    Playground.Playground.teleportInDone(self)
  File "toontown\hood\Place.py", line 741, in teleportInDone
    self.fsm.request(self.nextState, [1])
  File "C:\Panda3D-1.9.0\direct\fsm\ClassicFSM.py", line 284, in request
    exitArgList)
  File "C:\Panda3D-1.9.0\direct\fsm\ClassicFSM.py", line 231, in __transition
    self.__enter(aState, enterArgList)
  File "C:\Panda3D-1.9.0\direct\fsm\ClassicFSM.py", line 217, in __enter
    aState.enter(argList)
  File "C:\Panda3D-1.9.0\direct\fsm\State.py", line 203, in enter
    apply(self.__enterFunc, argList)
  File "toontown\safezone\Playground.py", line 502, in enterWalk
    Place.Place.enterWalk(self, teleportIn)
  File "toontown\hood\Place.py", line 208, in enterWalk
    self.enterFLM()
  File "toontown\friends\FriendsListManager.py", line 55, in enterFLM
    base.localAvatar.setFriendsListButtonActive(1)
  File "toontown\toon\LocalToon.py", line 1161, in setFriendsListButtonActive
    self.refreshOnscreenButtons()
  File "toontown\toon\LocalToon.py", line 1195, in refreshOnscreenButtons
    self.showClarabelleGui(newItemsInMailbox)
  File "toontown\toon\LocalToon.py", line 1060, in showClarabelleGui
    if self.newsButtonMgr.isNewIssueButtonShown():
  File "toontown\toontowngui\NewsPageButtonManager.py", line 117, in isNewIssueButtonShown
    if localAvatar.getLastTimeReadNews() < base.cr.inGameNewsMgr.getLatestIssue():
AttributeError: 'NoneType' object has no attribute 'getLatestIssue'
Traceback (most recent call last):
  File "otp\otpbase\OTPBase.py", line 236, in run
    taskMgr.run()
  File "C:\Panda3D-1.9.0\direct\task\Task.py", line 502, in run
    self.step()
  File "C:\Panda3D-1.9.0\direct\task\Task.py", line 460, in step
    self.mgr.poll()
  File "C:\Panda3D-1.9.0\direct\showbase\ShowBase.py", line 1801, in __ivalLoop
    IntervalManager.ivalMgr.step()
  File "C:\Panda3D-1.9.0\direct\interval\IntervalManager.py", line 96, in step
    self.__doPythonCallbacks()
  File "C:\Panda3D-1.9.0\direct\interval\IntervalManager.py", line 132, in __doPythonCallbacks
    self.MyEventmanager.doEvents()
  File "C:\Panda3D-1.9.0\direct\showbase\EventManager.py", line 55, in doEvents
    processFunc(self.eventQueue.dequeueEvent())
  File "C:\Panda3D-1.9.0\direct\showbase\EventManager.py", line 124, in processEvent
    messenger.send(eventName)
  File "C:\Panda3D-1.9.0\direct\showbase\Messenger.py", line 397, in send
    self.__dispatch(acceptorDict, event, sentArgs, foundWatch)
  File "C:\Panda3D-1.9.0\direct\showbase\Messenger.py", line 482, in __dispatch
    method (*(extraArgs + sentArgs))
  File "toontown\safezone\DDPlayground.py", line 123, in teleportInDone
    Playground.Playground.teleportInDone(self)
  File "toontown\hood\Place.py", line 741, in teleportInDone
    self.fsm.request(self.nextState, [1])
  File "C:\Panda3D-1.9.0\direct\fsm\ClassicFSM.py", line 284, in request
    exitArgList)
  File "C:\Panda3D-1.9.0\direct\fsm\ClassicFSM.py", line 231, in __transition
    self.__enter(aState, enterArgList)
  File "C:\Panda3D-1.9.0\direct\fsm\ClassicFSM.py", line 217, in __enter
    aState.enter(argList)
  File "C:\Panda3D-1.9.0\direct\fsm\State.py", line 203, in enter
    apply(self.__enterFunc, argList)
  File "toontown\safezone\Playground.py", line 502, in enterWalk
    Place.Place.enterWalk(self, teleportIn)
  File "toontown\hood\Place.py", line 208, in enterWalk
    self.enterFLM()
  File "toontown\friends\FriendsListManager.py", line 55, in enterFLM
    base.localAvatar.setFriendsListButtonActive(1)
  File "toontown\toon\LocalToon.py", line 1161, in setFriendsListButtonActive
    self.refreshOnscreenButtons()
  File "toontown\toon\LocalToon.py", line 1195, in refreshOnscreenButtons
    self.showClarabelleGui(newItemsInMailbox)
  File "toontown\toon\LocalToon.py", line 1060, in showClarabelleGui
    if self.newsButtonMgr.isNewIssueButtonShown():
  File "toontown\toontowngui\NewsPageButtonManager.py", line 117, in isNewIssueButtonShown
    if localAvatar.getLastTimeReadNews() < base.cr.inGameNewsMgr.getLatestIssue():
AttributeError: 'NoneType' object has no attribute 'getLatestIssue'
