TTLocalizer: Running in language: english
from toontown.toonbase.TTLocalizerEnglish import *
OTPLocalizer: Running in language: english
from otp.otpbase.OTPLocalizerEnglish import *
Preloading suits...
Preloading Toon heads...
Loaded resources.
Preloading avatars...
{401000001: <toontown.distributed.ToontownDistrict.ToontownDistrict instance at 0x15039C10>}
__handleAvatarChooserDone: 100000015, 'Skinny Zippety Megaboing', ('mss', 'ms', 'l', 'm', 26, 0, 26, 26, 17, 8, 0, 8, 4, 9), 0
MakeAToon: No exitGenderTrack
MakeAToon: No hostTrack
Exception occurred while processing Func-bodyShopOpening-18 of Sequence-8:
Sequence-8:
  0.000 Sequence-8 {
  0.000   *Func-clearChat-14
  0.000   *Func-setPosHpr-15
  0.000   *Func-loop-16
  0.000   LerpPosInterval-12: pos from -7.8 -4.5 0 to 4.2 -1.9 0 dur 1.6
  1.600   LerpHprInterval-13: hpr from 270 0 0 to 160 0 0 dur 0.3
  1.900   *Func-loop-17
  1.900   *Func-bodyShopOpening-18
  1.900 }

Traceback (most recent call last):
  File "C:\Panda3D-1.9.0\direct\showbase\ShowBase.py", line 1801, in __ivalLoop
    IntervalManager.ivalMgr.step()
  File "C:\Panda3D-1.9.0\direct\interval\IntervalManager.py", line 96, in step
    self.__doPythonCallbacks()
  File "C:\Panda3D-1.9.0\direct\interval\IntervalManager.py", line 124, in __doPythonCallbacks
    self.ivals[index].privPostEvent()
  File "C:\Panda3D-1.9.0\direct\interval\MetaInterval.py", line 518, in privPostEvent
    self.__doPythonCallbacks()
  File "C:\Panda3D-1.9.0\direct\interval\MetaInterval.py", line 494, in __doPythonCallbacks
    ival.privDoEvent(t, eventType)
  File "C:\Panda3D-1.9.0\direct\interval\Interval.py", line 207, in privDoEvent
    self.privInstant()
  File "C:\Panda3D-1.9.0\direct\interval\FunctionInterval.py", line 88, in privInstant
    self.function(*self.extraArgs, **self.kw)
  File "toontown\makeatoon\MakeAToon.py", line 565, in bodyShopOpening
    TTLocalizer.CreateYourToon])
  File "toontown\makeatoon\MakeAToon.py", line 383, in hostSez
    self.host.setChatAbsolute(random.choice(stringList), CFSpeech)
  File "otp\avatar\Avatar.py", line 364, in setChatAbsolute
    self.clearChat()
  File "otp\avatar\Avatar.py", line 406, in clearChat
    self.nametag.clearChatText()
AttributeError: 'Char' object has no attribute 'nametag'
Traceback (most recent call last):
  File "otp\otpbase\OTPBase.py", line 236, in run
    taskMgr.run()
  File "C:\Panda3D-1.9.0\direct\task\Task.py", line 502, in run
    self.step()
  File "C:\Panda3D-1.9.0\direct\task\Task.py", line 460, in step
    self.mgr.poll()
  File "C:\Panda3D-1.9.0\direct\showbase\ShowBase.py", line 1801, in __ivalLoop
    IntervalManager.ivalMgr.step()
  File "C:\Panda3D-1.9.0\direct\interval\IntervalManager.py", line 96, in step
    self.__doPythonCallbacks()
  File "C:\Panda3D-1.9.0\direct\interval\IntervalManager.py", line 124, in __doPythonCallbacks
    self.ivals[index].privPostEvent()
  File "C:\Panda3D-1.9.0\direct\interval\MetaInterval.py", line 518, in privPostEvent
    self.__doPythonCallbacks()
  File "C:\Panda3D-1.9.0\direct\interval\MetaInterval.py", line 494, in __doPythonCallbacks
    ival.privDoEvent(t, eventType)
  File "C:\Panda3D-1.9.0\direct\interval\Interval.py", line 207, in privDoEvent
    self.privInstant()
  File "C:\Panda3D-1.9.0\direct\interval\FunctionInterval.py", line 88, in privInstant
    self.function(*self.extraArgs, **self.kw)
  File "toontown\makeatoon\MakeAToon.py", line 565, in bodyShopOpening
    TTLocalizer.CreateYourToon])
  File "toontown\makeatoon\MakeAToon.py", line 383, in hostSez
    self.host.setChatAbsolute(random.choice(stringList), CFSpeech)
  File "otp\avatar\Avatar.py", line 364, in setChatAbsolute
    self.clearChat()
  File "otp\avatar\Avatar.py", line 406, in clearChat
    self.nametag.clearChatText()
AttributeError: 'Char' object has no attribute 'nametag'
